0 info it worked if it ends with ok
1 verbose cli [ 'C:\\Program Files\\nodejs\\node.exe',
1 verbose cli   'C:\\Users\\Noell\\AppData\\Roaming\\npm\\node_modules\\npm\\bin\\npm-cli.js',
1 verbose cli   'install',
1 verbose cli   'bcrypt' ]
2 info using npm@3.10.6
3 info using node@v6.2.1
4 silly loadCurrentTree Starting
5 silly install loadCurrentTree
6 silly install readLocalPackageData
7 silly fetchPackageMetaData bcrypt@^0.8.7
8 silly fetchNamedPackageData bcrypt
9 silly mapToRegistry name bcrypt
10 silly mapToRegistry using default registry
11 silly mapToRegistry registry https://registry.npmjs.org/
12 silly mapToRegistry data Result {
12 silly mapToRegistry   raw: 'bcrypt',
12 silly mapToRegistry   scope: null,
12 silly mapToRegistry   escapedName: 'bcrypt',
12 silly mapToRegistry   name: 'bcrypt',
12 silly mapToRegistry   rawSpec: '',
12 silly mapToRegistry   spec: 'latest',
12 silly mapToRegistry   type: 'tag' }
13 silly mapToRegistry uri https://registry.npmjs.org/bcrypt
14 verbose request uri https://registry.npmjs.org/bcrypt
15 verbose request no auth needed
16 info attempt registry request try #1 at 2:23:19 PM
17 verbose request id 45af637d21fbacef
18 verbose etag "398F192FUE7FBCG521B59OFYJ"
19 http request GET https://registry.npmjs.org/bcrypt
20 http 304 https://registry.npmjs.org/bcrypt
21 verbose headers { date: 'Sat, 03 Sep 2016 20:23:38 GMT',
21 verbose headers   via: '1.1 varnish',
21 verbose headers   'cache-control': 'max-age=300',
21 verbose headers   etag: '"398F192FUE7FBCG521B59OFYJ"',
21 verbose headers   age: '5',
21 verbose headers   connection: 'keep-alive',
21 verbose headers   'x-served-by': 'cache-sea1922-SEA',
21 verbose headers   'x-cache': 'HIT',
21 verbose headers   'x-cache-hits': '1',
21 verbose headers   'x-timer': 'S1472934218.163933,VS0,VE0',
21 verbose headers   vary: 'Accept-Encoding' }
22 silly get cb [ 304,
22 silly get   { date: 'Sat, 03 Sep 2016 20:23:38 GMT',
22 silly get     via: '1.1 varnish',
22 silly get     'cache-control': 'max-age=300',
22 silly get     etag: '"398F192FUE7FBCG521B59OFYJ"',
22 silly get     age: '5',
22 silly get     connection: 'keep-alive',
22 silly get     'x-served-by': 'cache-sea1922-SEA',
22 silly get     'x-cache': 'HIT',
22 silly get     'x-cache-hits': '1',
22 silly get     'x-timer': 'S1472934218.163933,VS0,VE0',
22 silly get     vary: 'Accept-Encoding' } ]
23 verbose etag https://registry.npmjs.org/bcrypt from cache
24 verbose get saving bcrypt to C:\Users\Noell\AppData\Roaming\npm-cache\registry.npmjs.org\bcrypt\.cache.json
25 verbose correctMkdir C:\Users\Noell\AppData\Roaming\npm-cache correctMkdir not in flight; initializing
26 silly install normalizeTree
27 silly loadCurrentTree Finishing
28 silly loadIdealTree Starting
29 silly install loadIdealTree
30 silly cloneCurrentTree Starting
31 silly install cloneCurrentTreeToIdealTree
32 silly cloneCurrentTree Finishing
33 silly loadShrinkwrap Starting
34 silly install loadShrinkwrap
35 silly loadShrinkwrap Finishing
36 silly loadAllDepsIntoIdealTree Starting
37 silly install loadAllDepsIntoIdealTree
38 silly resolveWithNewModule bcrypt@0.8.7 checking installable status
39 silly cache add args [ 'bcrypt@^0.8.7', null ]
40 verbose cache add spec bcrypt@^0.8.7
41 silly cache add parsed spec Result {
41 silly cache add   raw: 'bcrypt@^0.8.7',
41 silly cache add   scope: null,
41 silly cache add   escapedName: 'bcrypt',
41 silly cache add   name: 'bcrypt',
41 silly cache add   rawSpec: '^0.8.7',
41 silly cache add   spec: '>=0.8.7 <0.9.0',
41 silly cache add   type: 'range' }
42 silly addNamed bcrypt@>=0.8.7 <0.9.0
43 verbose addNamed ">=0.8.7 <0.9.0" is a valid semver range for bcrypt
44 silly addNameRange { name: 'bcrypt', range: '>=0.8.7 <0.9.0', hasData: false }
45 silly mapToRegistry name bcrypt
46 silly mapToRegistry using default registry
47 silly mapToRegistry registry https://registry.npmjs.org/
48 silly mapToRegistry data Result {
48 silly mapToRegistry   raw: 'bcrypt',
48 silly mapToRegistry   scope: null,
48 silly mapToRegistry   escapedName: 'bcrypt',
48 silly mapToRegistry   name: 'bcrypt',
48 silly mapToRegistry   rawSpec: '',
48 silly mapToRegistry   spec: 'latest',
48 silly mapToRegistry   type: 'tag' }
49 silly mapToRegistry uri https://registry.npmjs.org/bcrypt
50 verbose addNameRange registry:https://registry.npmjs.org/bcrypt not in flight; fetching
51 verbose get https://registry.npmjs.org/bcrypt not expired, no request
52 silly addNameRange number 2 { name: 'bcrypt', range: '>=0.8.7 <0.9.0', hasData: true }
53 silly addNameRange versions [ 'bcrypt',
53 silly addNameRange   [ '0.1.2',
53 silly addNameRange     '0.2.0',
53 silly addNameRange     '0.2.1',
53 silly addNameRange     '0.1.3',
53 silly addNameRange     '0.2.2',
53 silly addNameRange     '0.2.3',
53 silly addNameRange     '0.2.4',
53 silly addNameRange     '0.3.0',
53 silly addNameRange     '0.3.1',
53 silly addNameRange     '0.3.2',
53 silly addNameRange     '0.4.0',
53 silly addNameRange     '0.4.1',
53 silly addNameRange     '0.5.0',
53 silly addNameRange     '0.6.0',
53 silly addNameRange     '0.7.0',
53 silly addNameRange     '0.7.1',
53 silly addNameRange     '0.7.2',
53 silly addNameRange     '0.7.3',
53 silly addNameRange     '0.7.4',
53 silly addNameRange     '0.7.5',
53 silly addNameRange     '0.7.6',
53 silly addNameRange     '0.7.7',
53 silly addNameRange     '0.7.8',
53 silly addNameRange     '0.8.0',
53 silly addNameRange     '0.8.1',
53 silly addNameRange     '0.8.2',
53 silly addNameRange     '0.8.3',
53 silly addNameRange     '0.8.4',
53 silly addNameRange     '0.8.5',
53 silly addNameRange     '0.8.6',
53 silly addNameRange     '0.8.7' ] ]
54 silly addNamed bcrypt@0.8.7
55 verbose addNamed "0.8.7" is a plain semver version for bcrypt
56 silly cache afterAdd bcrypt@0.8.7
57 verbose afterAdd C:\Users\Noell\AppData\Roaming\npm-cache\bcrypt\0.8.7\package\package.json not in flight; writing
58 verbose correctMkdir C:\Users\Noell\AppData\Roaming\npm-cache correctMkdir not in flight; initializing
59 verbose afterAdd C:\Users\Noell\AppData\Roaming\npm-cache\bcrypt\0.8.7\package\package.json written
60 silly loadAllDepsIntoIdealTree Finishing
61 silly loadIdealTree Finishing
62 silly currentTree smarthome@1.0.0
62 silly currentTree +-- abbrev@1.0.9
62 silly currentTree +-- accepts@1.3.3
62 silly currentTree +-- amdefine@1.0.0
62 silly currentTree +-- ansi-regex@2.0.0
62 silly currentTree +-- ansi-styles@2.2.1
62 silly currentTree +-- ap@0.2.0
62 silly currentTree +-- aproba@1.0.4
62 silly currentTree +-- archy@1.0.0
62 silly currentTree +-- are-we-there-yet@1.1.2
62 silly currentTree +-- args-js@0.10.12
62 silly currentTree +-- arr-diff@2.0.0
62 silly currentTree +-- arr-flatten@1.0.1
62 silly currentTree +-- array-differ@1.0.0
62 silly currentTree +-- array-find-index@1.0.1
62 silly currentTree +-- array-flatten@1.1.1
62 silly currentTree +-- array-index@1.0.0
62 silly currentTree +-- array-uniq@1.0.3
62 silly currentTree +-- array-unique@0.2.1
62 silly currentTree +-- asn1@0.2.3
62 silly currentTree +-- assert-plus@0.2.0
62 silly currentTree +-- async-foreach@0.1.3
62 silly currentTree +-- async@2.0.1
62 silly currentTree | `-- lodash@4.15.0
62 silly currentTree +-- aws-sign2@0.6.0
62 silly currentTree +-- aws4@1.4.1
62 silly currentTree +-- babel-code-frame@6.11.0
62 silly currentTree +-- babel-core@6.14.0
62 silly currentTree | +-- lodash@4.15.0
62 silly currentTree | +-- minimatch@3.0.3
62 silly currentTree | `-- path-exists@1.0.0
62 silly currentTree +-- babel-generator@6.14.0
62 silly currentTree | `-- lodash@4.15.0
62 silly currentTree +-- babel-helper-call-delegate@6.8.0
62 silly currentTree +-- babel-helper-define-map@6.9.0
62 silly currentTree | `-- lodash@4.15.0
62 silly currentTree +-- babel-helper-function-name@6.8.0
62 silly currentTree +-- babel-helper-get-function-arity@6.8.0
62 silly currentTree +-- babel-helper-hoist-variables@6.8.0
62 silly currentTree +-- babel-helper-optimise-call-expression@6.8.0
62 silly currentTree +-- babel-helper-regex@6.9.0
62 silly currentTree | `-- lodash@4.15.0
62 silly currentTree +-- babel-helper-replace-supers@6.14.0
62 silly currentTree +-- babel-helpers@6.8.0
62 silly currentTree +-- babel-messages@6.8.0
62 silly currentTree +-- babel-plugin-check-es2015-constants@6.8.0
62 silly currentTree +-- babel-plugin-syntax-async-functions@6.13.0
62 silly currentTree +-- babel-plugin-transform-es2015-arrow-functions@6.8.0
62 silly currentTree +-- babel-plugin-transform-es2015-block-scoped-functions@6.8.0
62 silly currentTree +-- babel-plugin-transform-es2015-block-scoping@6.15.0
62 silly currentTree | `-- lodash@4.15.0
62 silly currentTree +-- babel-plugin-transform-es2015-classes@6.14.0
62 silly currentTree +-- babel-plugin-transform-es2015-computed-properties@6.8.0
62 silly currentTree +-- babel-plugin-transform-es2015-destructuring@6.9.0
62 silly currentTree +-- babel-plugin-transform-es2015-duplicate-keys@6.8.0
62 silly currentTree +-- babel-plugin-transform-es2015-for-of@6.8.0
62 silly currentTree +-- babel-plugin-transform-es2015-function-name@6.9.0
62 silly currentTree +-- babel-plugin-transform-es2015-literals@6.8.0
62 silly currentTree +-- babel-plugin-transform-es2015-modules-amd@6.8.0
62 silly currentTree +-- babel-plugin-transform-es2015-modules-commonjs@6.14.0
62 silly currentTree +-- babel-plugin-transform-es2015-modules-systemjs@6.14.0
62 silly currentTree +-- babel-plugin-transform-es2015-modules-umd@6.12.0
62 silly currentTree +-- babel-plugin-transform-es2015-object-super@6.8.0
62 silly currentTree +-- babel-plugin-transform-es2015-parameters@6.11.4
62 silly currentTree +-- babel-plugin-transform-es2015-shorthand-properties@6.8.0
62 silly currentTree +-- babel-plugin-transform-es2015-spread@6.8.0
62 silly currentTree +-- babel-plugin-transform-es2015-sticky-regex@6.8.0
62 silly currentTree +-- babel-plugin-transform-es2015-template-literals@6.8.0
62 silly currentTree +-- babel-plugin-transform-es2015-typeof-symbol@6.8.0
62 silly currentTree +-- babel-plugin-transform-es2015-unicode-regex@6.11.0
62 silly currentTree +-- babel-plugin-transform-regenerator@6.14.0
62 silly currentTree +-- babel-plugin-transform-strict-mode@6.11.3
62 silly currentTree +-- babel-preset-es2015@6.14.0
62 silly currentTree +-- babel-register@6.14.0
62 silly currentTree | +-- lodash@4.15.0
62 silly currentTree | `-- path-exists@1.0.0
62 silly currentTree +-- babel-runtime@6.11.6
62 silly currentTree +-- babel-template@6.15.0
62 silly currentTree | `-- lodash@4.15.0
62 silly currentTree +-- babel-traverse@6.15.0
62 silly currentTree | `-- lodash@4.15.0
62 silly currentTree +-- babel-types@6.15.0
62 silly currentTree | `-- lodash@4.15.0
62 silly currentTree +-- babylon@6.9.1
62 silly currentTree +-- balanced-match@0.4.2
62 silly currentTree +-- base64-url@1.3.2
62 silly currentTree +-- bcrypt-pbkdf@1.0.0
62 silly currentTree | `-- tweetnacl@0.14.3
62 silly currentTree +-- beeper@1.1.0
62 silly currentTree +-- bindings@1.2.1
62 silly currentTree +-- bl@1.1.2
62 silly currentTree | +-- isarray@1.0.0
62 silly currentTree | `-- readable-stream@2.0.6
62 silly currentTree +-- block-stream@0.0.9
62 silly currentTree +-- body-parser@1.15.2
62 silly currentTree +-- boom@2.10.1
62 silly currentTree +-- brace-expansion@1.1.6
62 silly currentTree +-- braces@1.8.5
62 silly currentTree +-- buffer-shims@1.0.0
62 silly currentTree +-- buffer-writer@1.0.1
62 silly currentTree +-- builtin-modules@1.1.1
62 silly currentTree +-- bytes@2.4.0
62 silly currentTree +-- camelcase-keys@2.1.0
62 silly currentTree +-- camelcase@2.1.1
62 silly currentTree +-- caseless@0.11.0
62 silly currentTree +-- chalk@1.1.3
62 silly currentTree +-- cliui@3.2.0
62 silly currentTree +-- clone-stats@0.0.1
62 silly currentTree +-- clone@1.0.2
62 silly currentTree +-- code-point-at@1.0.0
62 silly currentTree +-- combined-stream@1.0.5
62 silly currentTree +-- commander@2.9.0
62 silly currentTree +-- component-emitter@1.2.1
62 silly currentTree +-- concat-map@0.0.1
62 silly currentTree +-- concat-with-sourcemaps@1.0.4
62 silly currentTree +-- connect-flash@0.1.1
62 silly currentTree +-- console-control-strings@1.1.0
62 silly currentTree +-- content-disposition@0.5.1
62 silly currentTree +-- content-type@1.0.2
62 silly currentTree +-- convert-source-map@1.3.0
62 silly currentTree +-- cookie-parser@1.4.3
62 silly currentTree +-- cookie-signature@1.0.6
62 silly currentTree +-- cookie@0.3.1
62 silly currentTree +-- cookiejar@2.1.0
62 silly currentTree +-- core-js@2.4.1
62 silly currentTree +-- core-util-is@1.0.2
62 silly currentTree +-- cors@2.8.0
62 silly currentTree +-- crc@3.4.0
62 silly currentTree +-- cross-spawn@3.0.1
62 silly currentTree | `-- lru-cache@4.0.1
62 silly currentTree +-- cryptiles@2.0.5
62 silly currentTree +-- currently-unhandled@0.4.1
62 silly currentTree +-- d@0.1.1
62 silly currentTree +-- dashdash@1.14.0
62 silly currentTree | `-- assert-plus@1.0.0
62 silly currentTree +-- dateformat@1.0.12
62 silly currentTree +-- deasync@0.1.7
62 silly currentTree +-- debug@2.2.0
62 silly currentTree +-- decamelize@1.2.0
62 silly currentTree +-- defaults@1.0.3
62 silly currentTree +-- delayed-stream@1.0.0
62 silly currentTree +-- delegates@1.0.0
62 silly currentTree +-- depd@1.1.0
62 silly currentTree +-- deprecated@0.0.1
62 silly currentTree +-- destroy@1.0.4
62 silly currentTree +-- detect-file@0.1.0
62 silly currentTree +-- detect-indent@3.0.1
62 silly currentTree | `-- repeating@1.1.3
62 silly currentTree +-- disect@1.1.1
62 silly currentTree +-- duplexer2@0.0.2
62 silly currentTree +-- ecc-jsbn@0.1.1
62 silly currentTree +-- ee-first@1.1.1
62 silly currentTree +-- encodeurl@1.0.1
62 silly currentTree +-- end-of-stream@0.1.5
62 silly currentTree +-- error-ex@1.3.0
62 silly currentTree +-- es5-ext@0.10.12
62 silly currentTree +-- es6-iterator@2.0.0
62 silly currentTree +-- es6-symbol@3.1.0
62 silly currentTree +-- escape-html@1.0.3
62 silly currentTree +-- escape-string-regexp@1.0.5
62 silly currentTree +-- esutils@2.0.2
62 silly currentTree +-- etag@1.7.0
62 silly currentTree +-- expand-brackets@0.1.5
62 silly currentTree +-- expand-range@1.8.2
62 silly currentTree +-- expand-tilde@1.2.2
62 silly currentTree +-- express-session@1.14.1
62 silly currentTree +-- express@4.14.0
62 silly currentTree +-- extend@3.0.0
62 silly currentTree +-- extglob@0.3.2
62 silly currentTree +-- extsprintf@1.0.2
62 silly currentTree +-- fancy-log@1.2.0
62 silly currentTree +-- filename-regex@2.0.0
62 silly currentTree +-- fill-range@2.2.3
62 silly currentTree +-- finalhandler@0.5.0
62 silly currentTree +-- find-index@0.1.1
62 silly currentTree +-- find-up@1.1.2
62 silly currentTree +-- findup-sync@0.4.2
62 silly currentTree +-- fined@1.0.1
62 silly currentTree | `-- lodash.isarray@4.0.0
62 silly currentTree +-- first-chunk-stream@1.0.0
62 silly currentTree +-- flagged-respawn@0.3.2
62 silly currentTree +-- for-in@0.1.5
62 silly currentTree +-- for-own@0.1.4
62 silly currentTree +-- forever-agent@0.6.1
62 silly currentTree +-- form-data@1.0.1
62 silly currentTree +-- formidable@1.0.17
62 silly currentTree +-- forwarded@0.1.0
62 silly currentTree +-- fresh@0.3.0
62 silly currentTree +-- fs-exists-sync@0.1.0
62 silly currentTree +-- fs.realpath@1.0.0
62 silly currentTree +-- fstream@1.0.10
62 silly currentTree +-- gauge@2.6.0
62 silly currentTree | `-- object-assign@4.1.0
62 silly currentTree +-- gaze@0.5.2
62 silly currentTree +-- generate-function@2.0.0
62 silly currentTree +-- generate-object-property@1.2.0
62 silly currentTree +-- generic-pool@2.4.2
62 silly currentTree +-- get-caller-file@1.0.2
62 silly currentTree +-- get-stdin@4.0.1
62 silly currentTree +-- getpass@0.1.6
62 silly currentTree | `-- assert-plus@1.0.0
62 silly currentTree +-- glob-base@0.3.0
62 silly currentTree +-- glob-parent@2.0.0
62 silly currentTree +-- glob-stream@3.1.18
62 silly currentTree | +-- readable-stream@1.0.34
62 silly currentTree | `-- through2@0.6.5
62 silly currentTree +-- glob-watcher@0.0.6
62 silly currentTree +-- glob@4.5.3
62 silly currentTree +-- glob2base@0.0.12
62 silly currentTree +-- global-modules@0.2.3
62 silly currentTree +-- global-prefix@0.1.4
62 silly currentTree +-- globals@8.18.0
62 silly currentTree +-- globule@0.1.0
62 silly currentTree | +-- glob@3.1.21
62 silly currentTree | +-- graceful-fs@1.2.3
62 silly currentTree | +-- inherits@1.0.2
62 silly currentTree | `-- minimatch@0.2.14
62 silly currentTree +-- glogg@1.0.0
62 silly currentTree +-- graceful-fs@4.1.6
62 silly currentTree +-- graceful-readlink@1.0.1
62 silly currentTree +-- gulp-babel@6.1.2
62 silly currentTree | `-- object-assign@4.1.0
62 silly currentTree +-- gulp-concat@2.6.0
62 silly currentTree | +-- readable-stream@1.0.34
62 silly currentTree | `-- through2@0.6.5
62 silly currentTree +-- gulp-plumber@1.1.0
62 silly currentTree +-- gulp-sass@2.3.2
62 silly currentTree +-- gulp-util@3.0.7
62 silly currentTree +-- gulp@3.9.1
62 silly currentTree +-- gulplog@1.0.0
62 silly currentTree +-- har-validator@2.0.6
62 silly currentTree +-- has-ansi@2.0.0
62 silly currentTree +-- has-color@0.1.7
62 silly currentTree +-- has-gulplog@0.1.0
62 silly currentTree +-- has-unicode@2.0.1
62 silly currentTree +-- hawk@3.1.3
62 silly currentTree +-- hoek@2.16.3
62 silly currentTree +-- home-or-tmp@1.0.0
62 silly currentTree +-- hosted-git-info@2.1.5
62 silly currentTree +-- http-errors@1.5.0
62 silly currentTree +-- http-signature@1.1.1
62 silly currentTree +-- iconv-lite@0.4.13
62 silly currentTree +-- in-publish@2.0.0
62 silly currentTree +-- indent-string@2.1.0
62 silly currentTree +-- inflight@1.0.5
62 silly currentTree +-- inherits@2.0.1
62 silly currentTree +-- ini@1.3.4
62 silly currentTree +-- interpret@1.0.1
62 silly currentTree +-- invariant@2.2.1
62 silly currentTree +-- invert-kv@1.0.0
62 silly currentTree +-- ipaddr.js@1.1.1
62 silly currentTree +-- is-absolute@0.2.5
62 silly currentTree | `-- is-windows@0.1.1
62 silly currentTree +-- is-arrayish@0.2.1
62 silly currentTree +-- is-buffer@1.1.4
62 silly currentTree +-- is-builtin-module@1.0.0
62 silly currentTree +-- is-dotfile@1.0.2
62 silly currentTree +-- is-equal-shallow@0.1.3
62 silly currentTree +-- is-extendable@0.1.1
62 silly currentTree +-- is-extglob@1.0.0
62 silly currentTree +-- is-finite@1.0.1
62 silly currentTree +-- is-fullwidth-code-point@1.0.0
62 silly currentTree +-- is-glob@2.0.1
62 silly currentTree +-- is-my-json-valid@2.13.1
62 silly currentTree +-- is-number@2.1.0
62 silly currentTree +-- is-posix-bracket@0.1.1
62 silly currentTree +-- is-primitive@2.0.0
62 silly currentTree +-- is-property@1.0.2
62 silly currentTree +-- is-relative@0.2.1
62 silly currentTree +-- is-typedarray@1.0.0
62 silly currentTree +-- is-unc-path@0.1.1
62 silly currentTree +-- is-utf8@0.2.1
62 silly currentTree +-- is-windows@0.2.0
62 silly currentTree +-- isarray@0.0.1
62 silly currentTree +-- isexe@1.1.2
62 silly currentTree +-- isobject@2.1.0
62 silly currentTree | `-- isarray@1.0.0
62 silly currentTree +-- isstream@0.1.2
62 silly currentTree +-- jodid25519@1.0.2
62 silly currentTree +-- js-tokens@2.0.0
62 silly currentTree +-- jsbn@0.1.0
62 silly currentTree +-- jsesc@0.5.0
62 silly currentTree +-- json-schema@0.2.2
62 silly currentTree +-- json-stringify-safe@5.0.1
62 silly currentTree +-- json5@0.4.0
62 silly currentTree +-- jsonpointer@2.0.0
62 silly currentTree +-- jsprim@1.3.0
62 silly currentTree +-- kind-of@3.0.4
62 silly currentTree +-- lcid@1.0.0
62 silly currentTree +-- liftoff@2.3.0
62 silly currentTree +-- load-json-file@1.1.0
62 silly currentTree +-- lodash._basecopy@3.0.1
62 silly currentTree +-- lodash._basetostring@3.0.1
62 silly currentTree +-- lodash._basevalues@3.0.0
62 silly currentTree +-- lodash._getnative@3.9.1
62 silly currentTree +-- lodash._isiterateecall@3.0.9
62 silly currentTree +-- lodash._reescape@3.0.0
62 silly currentTree +-- lodash._reevaluate@3.0.0
62 silly currentTree +-- lodash._reinterpolate@3.0.0
62 silly currentTree +-- lodash._root@3.0.1
62 silly currentTree +-- lodash.assign@4.2.0
62 silly currentTree +-- lodash.assignwith@4.2.0
62 silly currentTree +-- lodash.clonedeep@4.5.0
62 silly currentTree +-- lodash.escape@3.2.0
62 silly currentTree +-- lodash.isarguments@3.1.0
62 silly currentTree +-- lodash.isarray@3.0.4
62 silly currentTree +-- lodash.isempty@4.4.0
62 silly currentTree +-- lodash.isplainobject@4.0.6
62 silly currentTree +-- lodash.isstring@4.0.1
62 silly currentTree +-- lodash.keys@3.1.2
62 silly currentTree +-- lodash.mapvalues@4.6.0
62 silly currentTree +-- lodash.pick@4.4.0
62 silly currentTree +-- lodash.restparam@3.6.1
62 silly currentTree +-- lodash.template@3.6.2
62 silly currentTree +-- lodash.templatesettings@3.1.1
62 silly currentTree +-- lodash@1.0.2
62 silly currentTree +-- loose-envify@1.2.0
62 silly currentTree | `-- js-tokens@1.0.3
62 silly currentTree +-- loud-rejection@1.6.0
62 silly currentTree +-- lru-cache@2.7.3
62 silly currentTree +-- map-cache@0.2.2
62 silly currentTree +-- map-obj@1.0.1
62 silly currentTree +-- massive@2.5.0
62 silly currentTree | +-- async@0.9.2
62 silly currentTree | +-- glob@7.0.6
62 silly currentTree | `-- minimatch@3.0.3
62 silly currentTree +-- media-typer@0.3.0
62 silly currentTree +-- meow@3.7.0
62 silly currentTree | `-- object-assign@4.1.0
62 silly currentTree +-- merge-descriptors@1.0.1
62 silly currentTree +-- methods@1.1.2
62 silly currentTree +-- micromatch@2.3.11
62 silly currentTree +-- mime-db@1.23.0
62 silly currentTree +-- mime-types@2.1.11
62 silly currentTree +-- mime@1.3.4
62 silly currentTree +-- minimatch@2.0.10
62 silly currentTree +-- minimist@1.2.0
62 silly currentTree +-- mkdirp@0.5.1
62 silly currentTree | `-- minimist@0.0.8
62 silly currentTree +-- ms@0.7.1
62 silly currentTree +-- multipipe@0.1.2
62 silly currentTree +-- nan@2.3.5
62 silly currentTree +-- natives@1.1.0
62 silly currentTree +-- negotiator@0.6.1
62 silly currentTree +-- node-gyp@3.4.0
62 silly currentTree | +-- glob@7.0.6
62 silly currentTree | `-- minimatch@3.0.3
62 silly currentTree +-- node-sass@3.8.0
62 silly currentTree | +-- gaze@1.1.1
62 silly currentTree | +-- glob@7.0.6
62 silly currentTree | +-- globule@1.0.0
62 silly currentTree | +-- lodash@4.9.0
62 silly currentTree | `-- minimatch@3.0.3
62 silly currentTree +-- node-uuid@1.4.7
62 silly currentTree +-- nopt@3.0.6
62 silly currentTree +-- normalize-package-data@2.3.5
62 silly currentTree +-- normalize-path@2.0.1
62 silly currentTree +-- npmlog@3.1.2
62 silly currentTree +-- number-is-nan@1.0.0
62 silly currentTree +-- oauth-sign@0.8.2
62 silly currentTree +-- oauth@0.9.14
62 silly currentTree +-- object-assign@3.0.0
62 silly currentTree +-- object.omit@2.0.0
62 silly currentTree +-- on-finished@2.3.0
62 silly currentTree +-- on-headers@1.0.1
62 silly currentTree +-- once@1.3.3
62 silly currentTree +-- orchestrator@0.3.7
62 silly currentTree +-- ordered-read-streams@0.1.0
62 silly currentTree +-- os-homedir@1.0.1
62 silly currentTree +-- os-locale@1.4.0
62 silly currentTree +-- os-tmpdir@1.0.1
62 silly currentTree +-- osenv@0.1.3
62 silly currentTree +-- packet-reader@0.2.0
62 silly currentTree +-- parse-filepath@1.0.1
62 silly currentTree +-- parse-glob@3.0.4
62 silly currentTree +-- parse-json@2.2.0
62 silly currentTree +-- parser@0.1.4
62 silly currentTree +-- parseurl@1.3.1
62 silly currentTree +-- passport-facebook@2.1.1
62 silly currentTree +-- passport-google-oauth20@1.0.0
62 silly currentTree +-- passport-local@1.0.0
62 silly currentTree +-- passport-oauth2@1.3.0
62 silly currentTree +-- passport-strategy@1.0.0
62 silly currentTree +-- passport@0.3.2
62 silly currentTree +-- path-array@1.0.1
62 silly currentTree +-- path-exists@2.1.0
62 silly currentTree +-- path-is-absolute@1.0.0
62 silly currentTree +-- path-root-regex@0.1.2
62 silly currentTree +-- path-root@0.1.1
62 silly currentTree +-- path-to-regexp@0.1.7
62 silly currentTree +-- path-type@1.1.0
62 silly currentTree +-- path@0.12.7
62 silly currentTree +-- pause@0.0.1
62 silly currentTree +-- pg-connection-string@0.1.3
62 silly currentTree +-- pg-cursor@1.0.0
62 silly currentTree +-- pg-query-stream@0.7.0
62 silly currentTree +-- pg-types@1.11.0
62 silly currentTree +-- pg@4.5.6
62 silly currentTree +-- pgpass@0.0.3
62 silly currentTree +-- pify@2.3.0
62 silly currentTree +-- pinkie-promise@2.0.1
62 silly currentTree +-- pinkie@2.0.4
62 silly currentTree +-- postgres-array@1.0.0
62 silly currentTree +-- postgres-bytea@1.0.0
62 silly currentTree +-- postgres-date@1.0.3
62 silly currentTree +-- postgres-interval@1.0.2
62 silly currentTree +-- preserve@0.2.0
62 silly currentTree +-- pretty-hrtime@1.0.2
62 silly currentTree +-- private@0.1.6
62 silly currentTree +-- process-nextick-args@1.0.7
62 silly currentTree +-- process@0.11.9
62 silly currentTree +-- proxy-addr@1.1.2
62 silly currentTree +-- pseudomap@1.0.2
62 silly currentTree +-- pubnub@4.0.8
62 silly currentTree +-- qs@6.2.0
62 silly currentTree +-- random-bytes@1.0.0
62 silly currentTree +-- randomatic@1.1.5
62 silly currentTree +-- range-parser@1.2.0
62 silly currentTree +-- raw-body@2.1.7
62 silly currentTree +-- read-pkg-up@1.0.1
62 silly currentTree +-- read-pkg@1.1.0
62 silly currentTree +-- readable-stream@1.1.14
62 silly currentTree +-- rechoir@0.6.2
62 silly currentTree +-- redent@1.0.0
62 silly currentTree +-- regenerate@1.3.1
62 silly currentTree +-- regenerator-runtime@0.9.5
62 silly currentTree +-- regex-cache@0.4.3
62 silly currentTree +-- regexpu-core@2.0.0
62 silly currentTree +-- regjsgen@0.2.0
62 silly currentTree +-- regjsparser@0.1.5
62 silly currentTree +-- repeat-element@1.1.2
62 silly currentTree +-- repeat-string@1.5.4
62 silly currentTree +-- repeating@2.0.1
62 silly currentTree +-- replace-ext@0.0.1
62 silly currentTree +-- request@2.74.0
62 silly currentTree +-- require-directory@2.1.1
62 silly currentTree +-- require-main-filename@1.0.1
62 silly currentTree +-- resolve-dir@0.1.1
62 silly currentTree +-- resolve@1.1.7
62 silly currentTree +-- rimraf@2.5.4
62 silly currentTree | +-- glob@7.0.6
62 silly currentTree | `-- minimatch@3.0.3
62 silly currentTree +-- sass-graph@2.1.2
62 silly currentTree | +-- glob@7.0.6
62 silly currentTree | +-- lodash@4.15.0
62 silly currentTree | `-- minimatch@3.0.3
62 silly currentTree +-- semver@4.3.6
62 silly currentTree +-- send@0.14.1
62 silly currentTree +-- sequencify@0.0.7
62 silly currentTree +-- serve-static@1.11.1
62 silly currentTree +-- set-blocking@2.0.0
62 silly currentTree +-- setprototypeof@1.0.1
62 silly currentTree +-- shebang-regex@1.0.0
62 silly currentTree +-- sigmund@1.0.1
62 silly currentTree +-- signal-exit@3.0.0
62 silly currentTree +-- slash@1.0.0
62 silly currentTree +-- sntp@1.0.9
62 silly currentTree +-- source-map-support@0.2.10
62 silly currentTree | `-- source-map@0.1.32
62 silly currentTree +-- source-map@0.5.6
62 silly currentTree +-- sparkles@1.0.0
62 silly currentTree +-- spdx-correct@1.0.2
62 silly currentTree +-- spdx-expression-parse@1.0.3
62 silly currentTree +-- spdx-license-ids@1.2.2
62 silly currentTree +-- split@0.3.3
62 silly currentTree +-- sshpk@1.10.0
62 silly currentTree | `-- assert-plus@1.0.0
62 silly currentTree +-- statuses@1.3.0
62 silly currentTree +-- stream-consume@0.1.0
62 silly currentTree +-- string_decoder@0.10.31
62 silly currentTree +-- string-width@1.0.2
62 silly currentTree +-- stringstream@0.0.5
62 silly currentTree +-- strip-ansi@3.0.1
62 silly currentTree +-- strip-bom@2.0.0
62 silly currentTree +-- strip-indent@1.0.1
62 silly currentTree +-- superagent@2.2.0
62 silly currentTree | +-- async@1.5.2
62 silly currentTree | +-- form-data@1.0.0-rc4
62 silly currentTree | +-- isarray@1.0.0
62 silly currentTree | `-- readable-stream@2.1.5
62 silly currentTree +-- supports-color@2.0.0
62 silly currentTree +-- tar@2.2.1
62 silly currentTree +-- through@2.3.8
62 silly currentTree +-- through2@2.0.1
62 silly currentTree | +-- isarray@1.0.0
62 silly currentTree | `-- readable-stream@2.0.6
62 silly currentTree +-- tildify@1.2.0
62 silly currentTree +-- time-stamp@1.0.1
62 silly currentTree +-- to-fast-properties@1.0.2
62 silly currentTree +-- tokenizer@1.1.2
62 silly currentTree +-- tough-cookie@2.3.1
62 silly currentTree +-- trim-newlines@1.0.0
62 silly currentTree +-- tunnel-agent@0.4.3
62 silly currentTree +-- tweetnacl@0.13.3
62 silly currentTree +-- type-is@1.6.13
62 silly currentTree +-- uid-safe@2.1.2
62 silly currentTree +-- uid2@0.0.3
62 silly currentTree +-- unc-path-regex@0.1.2
62 silly currentTree +-- underscore@1.8.3
62 silly currentTree +-- unique-stream@1.0.0
62 silly currentTree +-- unpipe@1.0.0
62 silly currentTree +-- user-home@1.1.1
62 silly currentTree +-- util-deprecate@1.0.2
62 silly currentTree +-- util@0.10.3
62 silly currentTree +-- utils-merge@1.0.0
62 silly currentTree +-- uuid@2.0.2
62 silly currentTree +-- v8flags@2.0.11
62 silly currentTree +-- validate-npm-package-license@3.0.1
62 silly currentTree +-- vary@1.1.0
62 silly currentTree +-- verror@1.3.6
62 silly currentTree +-- vinyl-fs@0.3.14
62 silly currentTree | +-- clone@0.2.0
62 silly currentTree | +-- graceful-fs@3.0.11
62 silly currentTree | +-- readable-stream@1.0.34
62 silly currentTree | +-- strip-bom@1.0.0
62 silly currentTree | +-- through2@0.6.5
62 silly currentTree | `-- vinyl@0.4.6
62 silly currentTree +-- vinyl-sourcemaps-apply@0.2.1
62 silly currentTree +-- vinyl@0.5.3
62 silly currentTree +-- which-module@1.0.0
62 silly currentTree +-- which@1.2.10
62 silly currentTree +-- wide-align@1.1.0
62 silly currentTree +-- window-size@0.2.0
62 silly currentTree +-- wrap-ansi@2.0.0
62 silly currentTree +-- wrappy@1.0.2
62 silly currentTree +-- xtend@4.0.1
62 silly currentTree +-- y18n@3.2.1
62 silly currentTree +-- yallist@2.0.0
62 silly currentTree +-- yargs-parser@2.4.1
62 silly currentTree | `-- camelcase@3.0.0
62 silly currentTree `-- yargs@4.8.1
63 silly idealTree smarthome@1.0.0
63 silly idealTree +-- abbrev@1.0.9
63 silly idealTree +-- accepts@1.3.3
63 silly idealTree +-- amdefine@1.0.0
63 silly idealTree +-- ansi-regex@2.0.0
63 silly idealTree +-- ansi-styles@2.2.1
63 silly idealTree +-- ap@0.2.0
63 silly idealTree +-- aproba@1.0.4
63 silly idealTree +-- archy@1.0.0
63 silly idealTree +-- are-we-there-yet@1.1.2
63 silly idealTree +-- args-js@0.10.12
63 silly idealTree +-- arr-diff@2.0.0
63 silly idealTree +-- arr-flatten@1.0.1
63 silly idealTree +-- array-differ@1.0.0
63 silly idealTree +-- array-find-index@1.0.1
63 silly idealTree +-- array-flatten@1.1.1
63 silly idealTree +-- array-index@1.0.0
63 silly idealTree +-- array-uniq@1.0.3
63 silly idealTree +-- array-unique@0.2.1
63 silly idealTree +-- asn1@0.2.3
63 silly idealTree +-- assert-plus@0.2.0
63 silly idealTree +-- async-foreach@0.1.3
63 silly idealTree +-- async@2.0.1
63 silly idealTree | `-- lodash@4.15.0
63 silly idealTree +-- aws-sign2@0.6.0
63 silly idealTree +-- aws4@1.4.1
63 silly idealTree +-- babel-code-frame@6.11.0
63 silly idealTree +-- babel-core@6.14.0
63 silly idealTree | +-- lodash@4.15.0
63 silly idealTree | +-- minimatch@3.0.3
63 silly idealTree | `-- path-exists@1.0.0
63 silly idealTree +-- babel-generator@6.14.0
63 silly idealTree | `-- lodash@4.15.0
63 silly idealTree +-- babel-helper-call-delegate@6.8.0
63 silly idealTree +-- babel-helper-define-map@6.9.0
63 silly idealTree | `-- lodash@4.15.0
63 silly idealTree +-- babel-helper-function-name@6.8.0
63 silly idealTree +-- babel-helper-get-function-arity@6.8.0
63 silly idealTree +-- babel-helper-hoist-variables@6.8.0
63 silly idealTree +-- babel-helper-optimise-call-expression@6.8.0
63 silly idealTree +-- babel-helper-regex@6.9.0
63 silly idealTree | `-- lodash@4.15.0
63 silly idealTree +-- babel-helper-replace-supers@6.14.0
63 silly idealTree +-- babel-helpers@6.8.0
63 silly idealTree +-- babel-messages@6.8.0
63 silly idealTree +-- babel-plugin-check-es2015-constants@6.8.0
63 silly idealTree +-- babel-plugin-syntax-async-functions@6.13.0
63 silly idealTree +-- babel-plugin-transform-es2015-arrow-functions@6.8.0
63 silly idealTree +-- babel-plugin-transform-es2015-block-scoped-functions@6.8.0
63 silly idealTree +-- babel-plugin-transform-es2015-block-scoping@6.15.0
63 silly idealTree | `-- lodash@4.15.0
63 silly idealTree +-- babel-plugin-transform-es2015-classes@6.14.0
63 silly idealTree +-- babel-plugin-transform-es2015-computed-properties@6.8.0
63 silly idealTree +-- babel-plugin-transform-es2015-destructuring@6.9.0
63 silly idealTree +-- babel-plugin-transform-es2015-duplicate-keys@6.8.0
63 silly idealTree +-- babel-plugin-transform-es2015-for-of@6.8.0
63 silly idealTree +-- babel-plugin-transform-es2015-function-name@6.9.0
63 silly idealTree +-- babel-plugin-transform-es2015-literals@6.8.0
63 silly idealTree +-- babel-plugin-transform-es2015-modules-amd@6.8.0
63 silly idealTree +-- babel-plugin-transform-es2015-modules-commonjs@6.14.0
63 silly idealTree +-- babel-plugin-transform-es2015-modules-systemjs@6.14.0
63 silly idealTree +-- babel-plugin-transform-es2015-modules-umd@6.12.0
63 silly idealTree +-- babel-plugin-transform-es2015-object-super@6.8.0
63 silly idealTree +-- babel-plugin-transform-es2015-parameters@6.11.4
63 silly idealTree +-- babel-plugin-transform-es2015-shorthand-properties@6.8.0
63 silly idealTree +-- babel-plugin-transform-es2015-spread@6.8.0
63 silly idealTree +-- babel-plugin-transform-es2015-sticky-regex@6.8.0
63 silly idealTree +-- babel-plugin-transform-es2015-template-literals@6.8.0
63 silly idealTree +-- babel-plugin-transform-es2015-typeof-symbol@6.8.0
63 silly idealTree +-- babel-plugin-transform-es2015-unicode-regex@6.11.0
63 silly idealTree +-- babel-plugin-transform-regenerator@6.14.0
63 silly idealTree +-- babel-plugin-transform-strict-mode@6.11.3
63 silly idealTree +-- babel-preset-es2015@6.14.0
63 silly idealTree +-- babel-register@6.14.0
63 silly idealTree | +-- lodash@4.15.0
63 silly idealTree | `-- path-exists@1.0.0
63 silly idealTree +-- babel-runtime@6.11.6
63 silly idealTree +-- babel-template@6.15.0
63 silly idealTree | `-- lodash@4.15.0
63 silly idealTree +-- babel-traverse@6.15.0
63 silly idealTree | `-- lodash@4.15.0
63 silly idealTree +-- babel-types@6.15.0
63 silly idealTree | `-- lodash@4.15.0
63 silly idealTree +-- babylon@6.9.1
63 silly idealTree +-- balanced-match@0.4.2
63 silly idealTree +-- base64-url@1.3.2
63 silly idealTree +-- bcrypt-pbkdf@1.0.0
63 silly idealTree | `-- tweetnacl@0.14.3
63 silly idealTree +-- bcrypt@0.8.7
63 silly idealTree +-- beeper@1.1.0
63 silly idealTree +-- bindings@1.2.1
63 silly idealTree +-- bl@1.1.2
63 silly idealTree | +-- isarray@1.0.0
63 silly idealTree | `-- readable-stream@2.0.6
63 silly idealTree +-- block-stream@0.0.9
63 silly idealTree +-- body-parser@1.15.2
63 silly idealTree +-- boom@2.10.1
63 silly idealTree +-- brace-expansion@1.1.6
63 silly idealTree +-- braces@1.8.5
63 silly idealTree +-- buffer-shims@1.0.0
63 silly idealTree +-- buffer-writer@1.0.1
63 silly idealTree +-- builtin-modules@1.1.1
63 silly idealTree +-- bytes@2.4.0
63 silly idealTree +-- camelcase-keys@2.1.0
63 silly idealTree +-- camelcase@2.1.1
63 silly idealTree +-- caseless@0.11.0
63 silly idealTree +-- chalk@1.1.3
63 silly idealTree +-- cliui@3.2.0
63 silly idealTree +-- clone-stats@0.0.1
63 silly idealTree +-- clone@1.0.2
63 silly idealTree +-- code-point-at@1.0.0
63 silly idealTree +-- combined-stream@1.0.5
63 silly idealTree +-- commander@2.9.0
63 silly idealTree +-- component-emitter@1.2.1
63 silly idealTree +-- concat-map@0.0.1
63 silly idealTree +-- concat-with-sourcemaps@1.0.4
63 silly idealTree +-- connect-flash@0.1.1
63 silly idealTree +-- console-control-strings@1.1.0
63 silly idealTree +-- content-disposition@0.5.1
63 silly idealTree +-- content-type@1.0.2
63 silly idealTree +-- convert-source-map@1.3.0
63 silly idealTree +-- cookie-parser@1.4.3
63 silly idealTree +-- cookie-signature@1.0.6
63 silly idealTree +-- cookie@0.3.1
63 silly idealTree +-- cookiejar@2.1.0
63 silly idealTree +-- core-js@2.4.1
63 silly idealTree +-- core-util-is@1.0.2
63 silly idealTree +-- cors@2.8.0
63 silly idealTree +-- crc@3.4.0
63 silly idealTree +-- cross-spawn@3.0.1
63 silly idealTree | `-- lru-cache@4.0.1
63 silly idealTree +-- cryptiles@2.0.5
63 silly idealTree +-- currently-unhandled@0.4.1
63 silly idealTree +-- d@0.1.1
63 silly idealTree +-- dashdash@1.14.0
63 silly idealTree | `-- assert-plus@1.0.0
63 silly idealTree +-- dateformat@1.0.12
63 silly idealTree +-- deasync@0.1.7
63 silly idealTree +-- debug@2.2.0
63 silly idealTree +-- decamelize@1.2.0
63 silly idealTree +-- defaults@1.0.3
63 silly idealTree +-- delayed-stream@1.0.0
63 silly idealTree +-- delegates@1.0.0
63 silly idealTree +-- depd@1.1.0
63 silly idealTree +-- deprecated@0.0.1
63 silly idealTree +-- destroy@1.0.4
63 silly idealTree +-- detect-file@0.1.0
63 silly idealTree +-- detect-indent@3.0.1
63 silly idealTree | `-- repeating@1.1.3
63 silly idealTree +-- disect@1.1.1
63 silly idealTree +-- duplexer2@0.0.2
63 silly idealTree +-- ecc-jsbn@0.1.1
63 silly idealTree +-- ee-first@1.1.1
63 silly idealTree +-- encodeurl@1.0.1
63 silly idealTree +-- end-of-stream@0.1.5
63 silly idealTree +-- error-ex@1.3.0
63 silly idealTree +-- es5-ext@0.10.12
63 silly idealTree +-- es6-iterator@2.0.0
63 silly idealTree +-- es6-symbol@3.1.0
63 silly idealTree +-- escape-html@1.0.3
63 silly idealTree +-- escape-string-regexp@1.0.5
63 silly idealTree +-- esutils@2.0.2
63 silly idealTree +-- etag@1.7.0
63 silly idealTree +-- expand-brackets@0.1.5
63 silly idealTree +-- expand-range@1.8.2
63 silly idealTree +-- expand-tilde@1.2.2
63 silly idealTree +-- express-session@1.14.1
63 silly idealTree +-- express@4.14.0
63 silly idealTree +-- extend@3.0.0
63 silly idealTree +-- extglob@0.3.2
63 silly idealTree +-- extsprintf@1.0.2
63 silly idealTree +-- fancy-log@1.2.0
63 silly idealTree +-- filename-regex@2.0.0
63 silly idealTree +-- fill-range@2.2.3
63 silly idealTree +-- finalhandler@0.5.0
63 silly idealTree +-- find-index@0.1.1
63 silly idealTree +-- find-up@1.1.2
63 silly idealTree +-- findup-sync@0.4.2
63 silly idealTree +-- fined@1.0.1
63 silly idealTree | `-- lodash.isarray@4.0.0
63 silly idealTree +-- first-chunk-stream@1.0.0
63 silly idealTree +-- flagged-respawn@0.3.2
63 silly idealTree +-- for-in@0.1.5
63 silly idealTree +-- for-own@0.1.4
63 silly idealTree +-- forever-agent@0.6.1
63 silly idealTree +-- form-data@1.0.1
63 silly idealTree +-- formidable@1.0.17
63 silly idealTree +-- forwarded@0.1.0
63 silly idealTree +-- fresh@0.3.0
63 silly idealTree +-- fs-exists-sync@0.1.0
63 silly idealTree +-- fs.realpath@1.0.0
63 silly idealTree +-- fstream@1.0.10
63 silly idealTree +-- gauge@2.6.0
63 silly idealTree | `-- object-assign@4.1.0
63 silly idealTree +-- gaze@0.5.2
63 silly idealTree +-- generate-function@2.0.0
63 silly idealTree +-- generate-object-property@1.2.0
63 silly idealTree +-- generic-pool@2.4.2
63 silly idealTree +-- get-caller-file@1.0.2
63 silly idealTree +-- get-stdin@4.0.1
63 silly idealTree +-- getpass@0.1.6
63 silly idealTree | `-- assert-plus@1.0.0
63 silly idealTree +-- glob-base@0.3.0
63 silly idealTree +-- glob-parent@2.0.0
63 silly idealTree +-- glob-stream@3.1.18
63 silly idealTree | +-- readable-stream@1.0.34
63 silly idealTree | `-- through2@0.6.5
63 silly idealTree +-- glob-watcher@0.0.6
63 silly idealTree +-- glob@4.5.3
63 silly idealTree +-- glob2base@0.0.12
63 silly idealTree +-- global-modules@0.2.3
63 silly idealTree +-- global-prefix@0.1.4
63 silly idealTree +-- globals@8.18.0
63 silly idealTree +-- globule@0.1.0
63 silly idealTree | +-- glob@3.1.21
63 silly idealTree | +-- graceful-fs@1.2.3
63 silly idealTree | +-- inherits@1.0.2
63 silly idealTree | `-- minimatch@0.2.14
63 silly idealTree +-- glogg@1.0.0
63 silly idealTree +-- graceful-fs@4.1.6
63 silly idealTree +-- graceful-readlink@1.0.1
63 silly idealTree +-- gulp-babel@6.1.2
63 silly idealTree | `-- object-assign@4.1.0
63 silly idealTree +-- gulp-concat@2.6.0
63 silly idealTree | +-- readable-stream@1.0.34
63 silly idealTree | `-- through2@0.6.5
63 silly idealTree +-- gulp-plumber@1.1.0
63 silly idealTree +-- gulp-sass@2.3.2
63 silly idealTree +-- gulp-util@3.0.7
63 silly idealTree +-- gulp@3.9.1
63 silly idealTree +-- gulplog@1.0.0
63 silly idealTree +-- har-validator@2.0.6
63 silly idealTree +-- has-ansi@2.0.0
63 silly idealTree +-- has-color@0.1.7
63 silly idealTree +-- has-gulplog@0.1.0
63 silly idealTree +-- has-unicode@2.0.1
63 silly idealTree +-- hawk@3.1.3
63 silly idealTree +-- hoek@2.16.3
63 silly idealTree +-- home-or-tmp@1.0.0
63 silly idealTree +-- hosted-git-info@2.1.5
63 silly idealTree +-- http-errors@1.5.0
63 silly idealTree +-- http-signature@1.1.1
63 silly idealTree +-- iconv-lite@0.4.13
63 silly idealTree +-- in-publish@2.0.0
63 silly idealTree +-- indent-string@2.1.0
63 silly idealTree +-- inflight@1.0.5
63 silly idealTree +-- inherits@2.0.1
63 silly idealTree +-- ini@1.3.4
63 silly idealTree +-- interpret@1.0.1
63 silly idealTree +-- invariant@2.2.1
63 silly idealTree +-- invert-kv@1.0.0
63 silly idealTree +-- ipaddr.js@1.1.1
63 silly idealTree +-- is-absolute@0.2.5
63 silly idealTree | `-- is-windows@0.1.1
63 silly idealTree +-- is-arrayish@0.2.1
63 silly idealTree +-- is-buffer@1.1.4
63 silly idealTree +-- is-builtin-module@1.0.0
63 silly idealTree +-- is-dotfile@1.0.2
63 silly idealTree +-- is-equal-shallow@0.1.3
63 silly idealTree +-- is-extendable@0.1.1
63 silly idealTree +-- is-extglob@1.0.0
63 silly idealTree +-- is-finite@1.0.1
63 silly idealTree +-- is-fullwidth-code-point@1.0.0
63 silly idealTree +-- is-glob@2.0.1
63 silly idealTree +-- is-my-json-valid@2.13.1
63 silly idealTree +-- is-number@2.1.0
63 silly idealTree +-- is-posix-bracket@0.1.1
63 silly idealTree +-- is-primitive@2.0.0
63 silly idealTree +-- is-property@1.0.2
63 silly idealTree +-- is-relative@0.2.1
63 silly idealTree +-- is-typedarray@1.0.0
63 silly idealTree +-- is-unc-path@0.1.1
63 silly idealTree +-- is-utf8@0.2.1
63 silly idealTree +-- is-windows@0.2.0
63 silly idealTree +-- isarray@0.0.1
63 silly idealTree +-- isexe@1.1.2
63 silly idealTree +-- isobject@2.1.0
63 silly idealTree | `-- isarray@1.0.0
63 silly idealTree +-- isstream@0.1.2
63 silly idealTree +-- jodid25519@1.0.2
63 silly idealTree +-- js-tokens@2.0.0
63 silly idealTree +-- jsbn@0.1.0
63 silly idealTree +-- jsesc@0.5.0
63 silly idealTree +-- json-schema@0.2.2
63 silly idealTree +-- json-stringify-safe@5.0.1
63 silly idealTree +-- json5@0.4.0
63 silly idealTree +-- jsonpointer@2.0.0
63 silly idealTree +-- jsprim@1.3.0
63 silly idealTree +-- kind-of@3.0.4
63 silly idealTree +-- lcid@1.0.0
63 silly idealTree +-- liftoff@2.3.0
63 silly idealTree +-- load-json-file@1.1.0
63 silly idealTree +-- lodash._basecopy@3.0.1
63 silly idealTree +-- lodash._basetostring@3.0.1
63 silly idealTree +-- lodash._basevalues@3.0.0
63 silly idealTree +-- lodash._getnative@3.9.1
63 silly idealTree +-- lodash._isiterateecall@3.0.9
63 silly idealTree +-- lodash._reescape@3.0.0
63 silly idealTree +-- lodash._reevaluate@3.0.0
63 silly idealTree +-- lodash._reinterpolate@3.0.0
63 silly idealTree +-- lodash._root@3.0.1
63 silly idealTree +-- lodash.assign@4.2.0
63 silly idealTree +-- lodash.assignwith@4.2.0
63 silly idealTree +-- lodash.clonedeep@4.5.0
63 silly idealTree +-- lodash.escape@3.2.0
63 silly idealTree +-- lodash.isarguments@3.1.0
63 silly idealTree +-- lodash.isarray@3.0.4
63 silly idealTree +-- lodash.isempty@4.4.0
63 silly idealTree +-- lodash.isplainobject@4.0.6
63 silly idealTree +-- lodash.isstring@4.0.1
63 silly idealTree +-- lodash.keys@3.1.2
63 silly idealTree +-- lodash.mapvalues@4.6.0
63 silly idealTree +-- lodash.pick@4.4.0
63 silly idealTree +-- lodash.restparam@3.6.1
63 silly idealTree +-- lodash.template@3.6.2
63 silly idealTree +-- lodash.templatesettings@3.1.1
63 silly idealTree +-- lodash@1.0.2
63 silly idealTree +-- loose-envify@1.2.0
63 silly idealTree | `-- js-tokens@1.0.3
63 silly idealTree +-- loud-rejection@1.6.0
63 silly idealTree +-- lru-cache@2.7.3
63 silly idealTree +-- map-cache@0.2.2
63 silly idealTree +-- map-obj@1.0.1
63 silly idealTree +-- massive@2.5.0
63 silly idealTree | +-- async@0.9.2
63 silly idealTree | +-- glob@7.0.6
63 silly idealTree | `-- minimatch@3.0.3
63 silly idealTree +-- media-typer@0.3.0
63 silly idealTree +-- meow@3.7.0
63 silly idealTree | `-- object-assign@4.1.0
63 silly idealTree +-- merge-descriptors@1.0.1
63 silly idealTree +-- methods@1.1.2
63 silly idealTree +-- micromatch@2.3.11
63 silly idealTree +-- mime-db@1.23.0
63 silly idealTree +-- mime-types@2.1.11
63 silly idealTree +-- mime@1.3.4
63 silly idealTree +-- minimatch@2.0.10
63 silly idealTree +-- minimist@1.2.0
63 silly idealTree +-- mkdirp@0.5.1
63 silly idealTree | `-- minimist@0.0.8
63 silly idealTree +-- ms@0.7.1
63 silly idealTree +-- multipipe@0.1.2
63 silly idealTree +-- nan@2.3.5
63 silly idealTree +-- natives@1.1.0
63 silly idealTree +-- negotiator@0.6.1
63 silly idealTree +-- node-gyp@3.4.0
63 silly idealTree | +-- glob@7.0.6
63 silly idealTree | `-- minimatch@3.0.3
63 silly idealTree +-- node-sass@3.8.0
63 silly idealTree | +-- gaze@1.1.1
63 silly idealTree | +-- glob@7.0.6
63 silly idealTree | +-- globule@1.0.0
63 silly idealTree | +-- lodash@4.9.0
63 silly idealTree | `-- minimatch@3.0.3
63 silly idealTree +-- node-uuid@1.4.7
63 silly idealTree +-- nopt@3.0.6
63 silly idealTree +-- normalize-package-data@2.3.5
63 silly idealTree +-- normalize-path@2.0.1
63 silly idealTree +-- npmlog@3.1.2
63 silly idealTree +-- number-is-nan@1.0.0
63 silly idealTree +-- oauth-sign@0.8.2
63 silly idealTree +-- oauth@0.9.14
63 silly idealTree +-- object-assign@3.0.0
63 silly idealTree +-- object.omit@2.0.0
63 silly idealTree +-- on-finished@2.3.0
63 silly idealTree +-- on-headers@1.0.1
63 silly idealTree +-- once@1.3.3
63 silly idealTree +-- orchestrator@0.3.7
63 silly idealTree +-- ordered-read-streams@0.1.0
63 silly idealTree +-- os-homedir@1.0.1
63 silly idealTree +-- os-locale@1.4.0
63 silly idealTree +-- os-tmpdir@1.0.1
63 silly idealTree +-- osenv@0.1.3
63 silly idealTree +-- packet-reader@0.2.0
63 silly idealTree +-- parse-filepath@1.0.1
63 silly idealTree +-- parse-glob@3.0.4
63 silly idealTree +-- parse-json@2.2.0
63 silly idealTree +-- parser@0.1.4
63 silly idealTree +-- parseurl@1.3.1
63 silly idealTree +-- passport-facebook@2.1.1
63 silly idealTree +-- passport-google-oauth20@1.0.0
63 silly idealTree +-- passport-local@1.0.0
63 silly idealTree +-- passport-oauth2@1.3.0
63 silly idealTree +-- passport-strategy@1.0.0
63 silly idealTree +-- passport@0.3.2
63 silly idealTree +-- path-array@1.0.1
63 silly idealTree +-- path-exists@2.1.0
63 silly idealTree +-- path-is-absolute@1.0.0
63 silly idealTree +-- path-root-regex@0.1.2
63 silly idealTree +-- path-root@0.1.1
63 silly idealTree +-- path-to-regexp@0.1.7
63 silly idealTree +-- path-type@1.1.0
63 silly idealTree +-- path@0.12.7
63 silly idealTree +-- pause@0.0.1
63 silly idealTree +-- pg-connection-string@0.1.3
63 silly idealTree +-- pg-cursor@1.0.0
63 silly idealTree +-- pg-query-stream@0.7.0
63 silly idealTree +-- pg-types@1.11.0
63 silly idealTree +-- pg@4.5.6
63 silly idealTree +-- pgpass@0.0.3
63 silly idealTree +-- pify@2.3.0
63 silly idealTree +-- pinkie-promise@2.0.1
63 silly idealTree +-- pinkie@2.0.4
63 silly idealTree +-- postgres-array@1.0.0
63 silly idealTree +-- postgres-bytea@1.0.0
63 silly idealTree +-- postgres-date@1.0.3
63 silly idealTree +-- postgres-interval@1.0.2
63 silly idealTree +-- preserve@0.2.0
63 silly idealTree +-- pretty-hrtime@1.0.2
63 silly idealTree +-- private@0.1.6
63 silly idealTree +-- process-nextick-args@1.0.7
63 silly idealTree +-- process@0.11.9
63 silly idealTree +-- proxy-addr@1.1.2
63 silly idealTree +-- pseudomap@1.0.2
63 silly idealTree +-- pubnub@4.0.8
63 silly idealTree +-- qs@6.2.0
63 silly idealTree +-- random-bytes@1.0.0
63 silly idealTree +-- randomatic@1.1.5
63 silly idealTree +-- range-parser@1.2.0
63 silly idealTree +-- raw-body@2.1.7
63 silly idealTree +-- read-pkg-up@1.0.1
63 silly idealTree +-- read-pkg@1.1.0
63 silly idealTree +-- readable-stream@1.1.14
63 silly idealTree +-- rechoir@0.6.2
63 silly idealTree +-- redent@1.0.0
63 silly idealTree +-- regenerate@1.3.1
63 silly idealTree +-- regenerator-runtime@0.9.5
63 silly idealTree +-- regex-cache@0.4.3
63 silly idealTree +-- regexpu-core@2.0.0
63 silly idealTree +-- regjsgen@0.2.0
63 silly idealTree +-- regjsparser@0.1.5
63 silly idealTree +-- repeat-element@1.1.2
63 silly idealTree +-- repeat-string@1.5.4
63 silly idealTree +-- repeating@2.0.1
63 silly idealTree +-- replace-ext@0.0.1
63 silly idealTree +-- request@2.74.0
63 silly idealTree +-- require-directory@2.1.1
63 silly idealTree +-- require-main-filename@1.0.1
63 silly idealTree +-- resolve-dir@0.1.1
63 silly idealTree +-- resolve@1.1.7
63 silly idealTree +-- rimraf@2.5.4
63 silly idealTree | +-- glob@7.0.6
63 silly idealTree | `-- minimatch@3.0.3
63 silly idealTree +-- sass-graph@2.1.2
63 silly idealTree | +-- glob@7.0.6
63 silly idealTree | +-- lodash@4.15.0
63 silly idealTree | `-- minimatch@3.0.3
63 silly idealTree +-- semver@4.3.6
63 silly idealTree +-- send@0.14.1
63 silly idealTree +-- sequencify@0.0.7
63 silly idealTree +-- serve-static@1.11.1
63 silly idealTree +-- set-blocking@2.0.0
63 silly idealTree +-- setprototypeof@1.0.1
63 silly idealTree +-- shebang-regex@1.0.0
63 silly idealTree +-- sigmund@1.0.1
63 silly idealTree +-- signal-exit@3.0.0
63 silly idealTree +-- slash@1.0.0
63 silly idealTree +-- sntp@1.0.9
63 silly idealTree +-- source-map-support@0.2.10
63 silly idealTree | `-- source-map@0.1.32
63 silly idealTree +-- source-map@0.5.6
63 silly idealTree +-- sparkles@1.0.0
63 silly idealTree +-- spdx-correct@1.0.2
63 silly idealTree +-- spdx-expression-parse@1.0.3
63 silly idealTree +-- spdx-license-ids@1.2.2
63 silly idealTree +-- split@0.3.3
63 silly idealTree +-- sshpk@1.10.0
63 silly idealTree | `-- assert-plus@1.0.0
63 silly idealTree +-- statuses@1.3.0
63 silly idealTree +-- stream-consume@0.1.0
63 silly idealTree +-- string_decoder@0.10.31
63 silly idealTree +-- string-width@1.0.2
63 silly idealTree +-- stringstream@0.0.5
63 silly idealTree +-- strip-ansi@3.0.1
63 silly idealTree +-- strip-bom@2.0.0
63 silly idealTree +-- strip-indent@1.0.1
63 silly idealTree +-- superagent@2.2.0
63 silly idealTree | +-- async@1.5.2
63 silly idealTree | +-- form-data@1.0.0-rc4
63 silly idealTree | +-- isarray@1.0.0
63 silly idealTree | `-- readable-stream@2.1.5
63 silly idealTree +-- supports-color@2.0.0
63 silly idealTree +-- tar@2.2.1
63 silly idealTree +-- through@2.3.8
63 silly idealTree +-- through2@2.0.1
63 silly idealTree | +-- isarray@1.0.0
63 silly idealTree | `-- readable-stream@2.0.6
63 silly idealTree +-- tildify@1.2.0
63 silly idealTree +-- time-stamp@1.0.1
63 silly idealTree +-- to-fast-properties@1.0.2
63 silly idealTree +-- tokenizer@1.1.2
63 silly idealTree +-- tough-cookie@2.3.1
63 silly idealTree +-- trim-newlines@1.0.0
63 silly idealTree +-- tunnel-agent@0.4.3
63 silly idealTree +-- tweetnacl@0.13.3
63 silly idealTree +-- type-is@1.6.13
63 silly idealTree +-- uid-safe@2.1.2
63 silly idealTree +-- uid2@0.0.3
63 silly idealTree +-- unc-path-regex@0.1.2
63 silly idealTree +-- underscore@1.8.3
63 silly idealTree +-- unique-stream@1.0.0
63 silly idealTree +-- unpipe@1.0.0
63 silly idealTree +-- user-home@1.1.1
63 silly idealTree +-- util-deprecate@1.0.2
63 silly idealTree +-- util@0.10.3
63 silly idealTree +-- utils-merge@1.0.0
63 silly idealTree +-- uuid@2.0.2
63 silly idealTree +-- v8flags@2.0.11
63 silly idealTree +-- validate-npm-package-license@3.0.1
63 silly idealTree +-- vary@1.1.0
63 silly idealTree +-- verror@1.3.6
63 silly idealTree +-- vinyl-fs@0.3.14
63 silly idealTree | +-- clone@0.2.0
63 silly idealTree | +-- graceful-fs@3.0.11
63 silly idealTree | +-- readable-stream@1.0.34
63 silly idealTree | +-- strip-bom@1.0.0
63 silly idealTree | +-- through2@0.6.5
63 silly idealTree | `-- vinyl@0.4.6
63 silly idealTree +-- vinyl-sourcemaps-apply@0.2.1
63 silly idealTree +-- vinyl@0.5.3
63 silly idealTree +-- which-module@1.0.0
63 silly idealTree +-- which@1.2.10
63 silly idealTree +-- wide-align@1.1.0
63 silly idealTree +-- window-size@0.2.0
63 silly idealTree +-- wrap-ansi@2.0.0
63 silly idealTree +-- wrappy@1.0.2
63 silly idealTree +-- xtend@4.0.1
63 silly idealTree +-- y18n@3.2.1
63 silly idealTree +-- yallist@2.0.0
63 silly idealTree +-- yargs-parser@2.4.1
63 silly idealTree | `-- camelcase@3.0.0
63 silly idealTree `-- yargs@4.8.1
64 silly generateActionsToTake Starting
65 silly install generateActionsToTake
66 silly generateActionsToTake Finishing
67 silly diffTrees action count 1
68 silly diffTrees add bcrypt@0.8.7
69 silly decomposeActions action count 8
70 silly decomposeActions fetch bcrypt@0.8.7
71 silly decomposeActions extract bcrypt@0.8.7
72 silly decomposeActions test bcrypt@0.8.7
73 silly decomposeActions preinstall bcrypt@0.8.7
74 silly decomposeActions build bcrypt@0.8.7
75 silly decomposeActions install bcrypt@0.8.7
76 silly decomposeActions postinstall bcrypt@0.8.7
77 silly decomposeActions finalize bcrypt@0.8.7
78 silly executeActions Starting
79 silly install executeActions
80 silly doSerial global-install 0
81 silly doParallel fetch 1
82 verbose correctMkdir C:\Users\Noell\AppData\Roaming\npm-cache\_locks correctMkdir not in flight; initializing
83 verbose lock using C:\Users\Noell\AppData\Roaming\npm-cache\_locks\staging-0e82b639668ba64c.lock for C:\Users\Noell\devmtn\smarthome\node_modules\.staging
84 silly doParallel extract 1
85 silly extract bcrypt@0.8.7
86 verbose unbuild node_modules\.staging\bcrypt-1df56fcf
87 silly gentlyRm C:\Users\Noell\devmtn\smarthome\node_modules\.staging\bcrypt-1df56fcf is being purged from base C:\Users\Noell\devmtn\smarthome
88 verbose gentlyRm don't care about contents; nuking C:\Users\Noell\devmtn\smarthome\node_modules\.staging\bcrypt-1df56fcf
89 verbose tar unpack C:\Users\Noell\AppData\Roaming\npm-cache\bcrypt\0.8.7\package.tgz
90 verbose tar unpacking to C:\Users\Noell\devmtn\smarthome\node_modules\.staging\bcrypt-1df56fcf
91 silly gentlyRm C:\Users\Noell\devmtn\smarthome\node_modules\.staging\bcrypt-1df56fcf is being purged
92 verbose gentlyRm don't care about contents; nuking C:\Users\Noell\devmtn\smarthome\node_modules\.staging\bcrypt-1df56fcf
93 silly gunzTarPerm modes [ '777', '666' ]
94 silly gunzTarPerm extractEntry package.json
95 silly gunzTarPerm modified mode [ 'package.json', 420, 438 ]
96 silly gunzTarPerm extractEntry .npmignore
97 silly gunzTarPerm modified mode [ '.npmignore', 420, 438 ]
98 silly gunzTarPerm extractEntry README.md
99 silly gunzTarPerm modified mode [ 'README.md', 420, 438 ]
100 silly gunzTarPerm extractEntry LICENSE
101 silly gunzTarPerm modified mode [ 'LICENSE', 420, 438 ]
102 silly gunzTarPerm extractEntry bcrypt.js
103 silly gunzTarPerm modified mode [ 'bcrypt.js', 420, 438 ]
104 silly gunzTarPerm extractEntry Makefile
105 silly gunzTarPerm modified mode [ 'Makefile', 420, 438 ]
106 silly gunzTarPerm extractEntry .travis.yml
107 silly gunzTarPerm modified mode [ '.travis.yml', 420, 438 ]
108 silly gunzTarPerm extractEntry CHANGELOG.md
109 silly gunzTarPerm modified mode [ 'CHANGELOG.md', 420, 438 ]
110 silly gunzTarPerm extractEntry binding.gyp
111 silly gunzTarPerm modified mode [ 'binding.gyp', 420, 438 ]
112 silly gunzTarPerm extractEntry examples/async_compare.js
113 silly gunzTarPerm modified mode [ 'examples/async_compare.js', 420, 438 ]
114 silly gunzTarPerm extractEntry examples/forever_gen_salt.js
115 silly gunzTarPerm modified mode [ 'examples/forever_gen_salt.js', 420, 438 ]
116 silly gunzTarPerm extractEntry test/async.js
117 silly gunzTarPerm modified mode [ 'test/async.js', 420, 438 ]
118 silly gunzTarPerm extractEntry test/repetitions.js
119 silly gunzTarPerm modified mode [ 'test/repetitions.js', 420, 438 ]
120 silly gunzTarPerm extractEntry test/sync.js
121 silly gunzTarPerm modified mode [ 'test/sync.js', 420, 438 ]
122 silly gunzTarPerm extractEntry ISSUE_TEMPLATE.md
123 silly gunzTarPerm modified mode [ 'ISSUE_TEMPLATE.md', 420, 438 ]
124 silly gunzTarPerm extractEntry src/bcrypt.cc
125 silly gunzTarPerm modified mode [ 'src/bcrypt.cc', 420, 438 ]
126 silly gunzTarPerm extractEntry src/bcrypt_node.cc
127 silly gunzTarPerm modified mode [ 'src/bcrypt_node.cc', 420, 438 ]
128 silly gunzTarPerm extractEntry src/blowfish.cc
129 silly gunzTarPerm modified mode [ 'src/blowfish.cc', 420, 438 ]
130 silly gunzTarPerm extractEntry src/node_blf.h
131 silly gunzTarPerm modified mode [ 'src/node_blf.h', 420, 438 ]
132 silly gunzTarPerm extractEntry werker.yml
133 silly gunzTarPerm modified mode [ 'werker.yml', 420, 438 ]
134 silly gentlyRm C:\Users\Noell\devmtn\smarthome\node_modules\.staging\bcrypt-1df56fcf\node_modules is being purged
135 verbose gentlyRm don't care about contents; nuking C:\Users\Noell\devmtn\smarthome\node_modules\.staging\bcrypt-1df56fcf\node_modules
136 silly doParallel preinstall 1
137 silly preinstall bcrypt@0.8.7 C:\Users\Noell\devmtn\smarthome\node_modules\.staging\bcrypt-1df56fcf
138 info lifecycle bcrypt@0.8.7~preinstall: bcrypt@0.8.7
139 silly lifecycle bcrypt@0.8.7~preinstall: no script for preinstall, continuing
140 silly doReverseSerial remove 0
141 silly doSerial move 0
142 silly doSerial finalize 1
143 silly finalize C:\Users\Noell\devmtn\smarthome\node_modules\bcrypt
144 silly doSerial build 1
145 silly build bcrypt@0.8.7
146 info linkStuff bcrypt@0.8.7
147 silly linkStuff bcrypt@0.8.7 has C:\Users\Noell\devmtn\smarthome\node_modules as its parent node_modules
148 verbose linkBins bcrypt@0.8.7
149 verbose linkMans bcrypt@0.8.7
150 silly doSerial global-link 0
151 silly doParallel update-linked 0
152 silly doSerial install 1
153 silly install bcrypt@0.8.7 C:\Users\Noell\devmtn\smarthome\node_modules\.staging\bcrypt-1df56fcf
154 info lifecycle bcrypt@0.8.7~install: bcrypt@0.8.7
155 verbose lifecycle bcrypt@0.8.7~install: unsafe-perm in lifecycle true
156 verbose lifecycle bcrypt@0.8.7~install: PATH: C:\Users\Noell\AppData\Roaming\npm\node_modules\npm\bin\node-gyp-bin;C:\Users\Noell\devmtn\smarthome\node_modules\bcrypt\node_modules\.bin;C:\Users\Noell\devmtn\smarthome\node_modules\.bin;C:\Users\Noell\AppData\Local\GitHub\PortableGit_d76a6a98c9315931ec4927243517bc09e9b731a0\cmd;C:\Users\Noell\AppData\Local\GitHub\PortableGit_d76a6a98c9315931ec4927243517bc09e9b731a0\usr\bin;C:\Users\Noell\AppData\Local\GitHub\PortableGit_d76a6a98c9315931ec4927243517bc09e9b731a0\usr\share\git-tfs;C:\Users\Noell\AppData\Local\Apps\2.0\3EJ1W5CO.P15\KZMJ8PA5.7ZG\gith..tion_317444273a93ac29_0003.0001_cbe40ecbe3e419d4;C:\Users\Noell\AppData\Local\GitHub\lfs-amd64_1.2.0;C:\Program Files\Broadcom\Broadcom 802.11 Network Adapter;C:\Program Files (x86)\Intel\iCLS Client\;C:\Program Files\Intel\iCLS Client\;C:\windows\system32;C:\windows;C:\windows\System32\Wbem;C:\windows\System32\WindowsPowerShell\v1.0\;C:\Program Files (x86)\Intel\Intel(R) Management Engine Components\DAL;C:\Program Files\Intel\Intel(R) Management Engine Components\DAL;C:\Program Files (x86)\Intel\Intel(R) Management Engine Components\IPT;C:\Program Files\Intel\Intel(R) Management Engine Components\IPT;C:\Program Files (x86)\NVIDIA Corporation\PhysX\Common;C:\Program Files\Git\cmd;C:\Program Files\Intel\IntelSGXPSW\bin\x64\Release\;C:\Program Files\Intel\IntelSGXPSW\bin\win32\Release\;C:\Program Files\nodejs\;C:\Program Files (x86)\QuickTime\QTSystem\;C:\Program Files (x86)\Skype\Phone\;C:\WINDOWS\system32;C:\WINDOWS;C:\WINDOWS\System32\Wbem;C:\WINDOWS\System32\WindowsPowerShell\v1.0\;C:\Program Files (x86)\Heroku\bin;C:\Program Files (x86)\git\cmd;C:\Program Files (x86)\Git\cmd;C:\Program Files\Heroku\bin;C:\Users\Noell\AppData\Roaming\npm;C:\Users\Noell\AppData\Local\atom\bin;C:\Program Files\PostgreSQL\9.5\bin;%USERPROFILE%\AppData\Local\Microsoft\WindowsApps;;C:\Windows\Microsoft.NET\Framework\v4.0.30319\
157 verbose lifecycle bcrypt@0.8.7~install: CWD: C:\Users\Noell\devmtn\smarthome\node_modules\bcrypt
158 silly lifecycle bcrypt@0.8.7~install: Args: [ '/d /s /c', 'node-gyp rebuild' ]
159 silly lifecycle bcrypt@0.8.7~install: Returned: code: 1  signal: null
160 info lifecycle bcrypt@0.8.7~install: Failed to exec install script
161 verbose unlock done using C:\Users\Noell\AppData\Roaming\npm-cache\_locks\staging-0e82b639668ba64c.lock for C:\Users\Noell\devmtn\smarthome\node_modules\.staging
162 silly rollbackFailedOptional Starting
163 silly rollbackFailedOptional Finishing
164 silly runTopLevelLifecycles Starting
165 silly runTopLevelLifecycles Finishing
166 silly install printInstalled
167 verbose stack Error: bcrypt@0.8.7 install: `node-gyp rebuild`
167 verbose stack Exit status 1
167 verbose stack     at EventEmitter.<anonymous> (C:\Users\Noell\AppData\Roaming\npm\node_modules\npm\lib\utils\lifecycle.js:255:16)
167 verbose stack     at emitTwo (events.js:106:13)
167 verbose stack     at EventEmitter.emit (events.js:191:7)
167 verbose stack     at ChildProcess.<anonymous> (C:\Users\Noell\AppData\Roaming\npm\node_modules\npm\lib\utils\spawn.js:40:14)
167 verbose stack     at emitTwo (events.js:106:13)
167 verbose stack     at ChildProcess.emit (events.js:191:7)
167 verbose stack     at maybeClose (internal/child_process.js:852:16)
167 verbose stack     at Process.ChildProcess._handle.onexit (internal/child_process.js:215:5)
168 verbose pkgid bcrypt@0.8.7
169 verbose cwd C:\Users\Noell\devmtn\smarthome\server
170 error Windows_NT 10.0.14393
171 error argv "C:\\Program Files\\nodejs\\node.exe" "C:\\Users\\Noell\\AppData\\Roaming\\npm\\node_modules\\npm\\bin\\npm-cli.js" "install" "bcrypt"
172 error node v6.2.1
173 error npm  v3.10.6
174 error code ELIFECYCLE
175 error bcrypt@0.8.7 install: `node-gyp rebuild`
175 error Exit status 1
176 error Failed at the bcrypt@0.8.7 install script 'node-gyp rebuild'.
176 error Make sure you have the latest version of node.js and npm installed.
176 error If you do, this is most likely a problem with the bcrypt package,
176 error not with npm itself.
176 error Tell the author that this fails on your system:
176 error     node-gyp rebuild
176 error You can get information on how to open an issue for this project with:
176 error     npm bugs bcrypt
176 error Or if that isn't available, you can get their info via:
176 error     npm owner ls bcrypt
176 error There is likely additional logging output above.
177 verbose exit [ 1, true ]
